This is pdfTeX, Version 3.14159265-2.6-1.40.20 (MiKTeX 2.9.7250 64-bit) (preloaded format=pdflatex 2020.4.3)  17 OCT 2020 13:49
entering extended mode
**./WorkingDocument.tex
(WorkingDocument.tex
LaTeX2e <2020-02-02>
L3 programming layer <2020-01-31>
("C:\Users\Gabriel\AppData\Local\Programs\MiKTeX 2.9\tex/latex/base\article.cls
"
Document Class: article 2019/12/20 v1.4l Standard LaTeX document class
("C:\Users\Gabriel\AppData\Local\Programs\MiKTeX 2.9\tex/latex/base\size12.clo"
File: size12.clo 2019/12/20 v1.4l Standard LaTeX file (size option)
)
\c@part=\count167
\c@section=\count168
\c@subsection=\count169
\c@subsubsection=\count170
\c@paragraph=\count171
\c@subparagraph=\count172
\c@figure=\count173
\c@table=\count174
\abovecaptionskip=\skip47
\belowcaptionskip=\skip48
\bibindent=\dimen134
)
("C:\Users\Gabriel\AppData\Local\Programs\MiKTeX 2.9\tex/latex/base\inputenc.st
y"
Package: inputenc 2018/08/11 v1.3c Input encoding file
\inpenc@prehook=\toks14
\inpenc@posthook=\toks15

("C:\Users\Gabriel\AppData\Local\Programs\MiKTeX 2.9\tex/latex/base\latin1.def"
File: latin1.def 2018/08/11 v1.3c Input encoding file
))
("C:\Users\Gabriel\AppData\Local\Programs\MiKTeX 2.9\tex/latex/amsmath\amsmath.
sty"
Package: amsmath 2020/01/20 v2.17e AMS math features
\@mathmargin=\skip49

For additional information on amsmath, use the `?' option.

("C:\Users\Gabriel\AppData\Local\Programs\MiKTeX 2.9\tex/latex/amsmath\amstext.
sty"
Package: amstext 2000/06/29 v2.01 AMS text

("C:\Users\Gabriel\AppData\Local\Programs\MiKTeX 2.9\tex/latex/amsmath\amsgen.s
ty"
File: amsgen.sty 1999/11/30 v2.0 generic functions
\@emptytoks=\toks16
\ex@=\dimen135
))
("C:\Users\Gabriel\AppData\Local\Programs\MiKTeX 2.9\tex/latex/amsmath\amsbsy.s
ty"
Package: amsbsy 1999/11/29 v1.2d Bold Symbols
\pmbraise@=\dimen136
)
("C:\Users\Gabriel\AppData\Local\Programs\MiKTeX 2.9\tex/latex/amsmath\amsopn.s
ty"
Package: amsopn 2016/03/08 v2.02 operator names
)
\inf@bad=\count175
LaTeX Info: Redefining \frac on input line 227.
\uproot@=\count176
\leftroot@=\count177
LaTeX Info: Redefining \overline on input line 389.
\classnum@=\count178
\DOTSCASE@=\count179
LaTeX Info: Redefining \ldots on input line 486.
LaTeX Info: Redefining \dots on input line 489.
LaTeX Info: Redefining \cdots on input line 610.
\Mathstrutbox@=\box45
\strutbox@=\box46
\big@size=\dimen137
LaTeX Font Info:    Redeclaring font encoding OML on input line 733.
LaTeX Font Info:    Redeclaring font encoding OMS on input line 734.
\macc@depth=\count180
\c@MaxMatrixCols=\count181
\dotsspace@=\muskip16
\c@parentequation=\count182
\dspbrk@lvl=\count183
\tag@help=\toks17
\row@=\count184
\column@=\count185
\maxfields@=\count186
\andhelp@=\toks18
\eqnshift@=\dimen138
\alignsep@=\dimen139
\tagshift@=\dimen140
\tagwidth@=\dimen141
\totwidth@=\dimen142
\lineht@=\dimen143
\@envbody=\toks19
\multlinegap=\skip50
\multlinetaggap=\skip51
\mathdisplay@stack=\toks20
LaTeX Info: Redefining \[ on input line 2859.
LaTeX Info: Redefining \] on input line 2860.
)
("C:\Users\Gabriel\AppData\Local\Programs\MiKTeX 2.9\tex/latex/amsfonts\amsfont
s.sty"
Package: amsfonts 2013/01/14 v3.01 Basic AMSFonts support
\symAMSa=\mathgroup4
\symAMSb=\mathgroup5
LaTeX Font Info:    Redeclaring math symbol \hbar on input line 98.
LaTeX Font Info:    Overwriting math alphabet `\mathfrak' in version `bold'
(Font)                  U/euf/m/n --> U/euf/b/n on input line 106.
)
("C:\Users\Gabriel\AppData\Local\Programs\MiKTeX 2.9\tex/latex/amsfonts\amssymb
.sty"
Package: amssymb 2013/01/14 v3.01 AMS font symbols
)
("C:\Users\Gabriel\AppData\Local\Programs\MiKTeX 2.9\tex/latex/graphics\graphic
x.sty"
Package: graphicx 2019/11/30 v1.2a Enhanced LaTeX Graphics (DPC,SPQR)

("C:\Users\Gabriel\AppData\Local\Programs\MiKTeX 2.9\tex/latex/graphics\keyval.
sty"
Package: keyval 2014/10/28 v1.15 key=value parser (DPC)
\KV@toks@=\toks21
)
("C:\Users\Gabriel\AppData\Local\Programs\MiKTeX 2.9\tex/latex/graphics\graphic
s.sty"
Package: graphics 2019/11/30 v1.4a Standard LaTeX Graphics (DPC,SPQR)

("C:\Users\Gabriel\AppData\Local\Programs\MiKTeX 2.9\tex/latex/graphics\trig.st
y"
Package: trig 2016/01/03 v1.10 sin cos tan (DPC)
)
("C:\Users\Gabriel\AppData\Local\Programs\MiKTeX 2.9\tex/latex/graphics-cfg\gra
phics.cfg"
File: graphics.cfg 2016/06/04 v1.11 sample graphics configuration
)
Package graphics Info: Driver file: pdftex.def on input line 105.

("C:\Users\Gabriel\AppData\Local\Programs\MiKTeX 2.9\tex/latex/graphics-def\pdf
tex.def"
File: pdftex.def 2018/01/08 v1.0l Graphics/color driver for pdftex
))
\Gin@req@height=\dimen144
\Gin@req@width=\dimen145
)
("C:\Users\Gabriel\AppData\Local\Programs\MiKTeX 2.9\tex/latex/geometry\geometr
y.sty"
Package: geometry 2020/01/02 v5.9 Page Geometry

("C:\Users\Gabriel\AppData\Local\Programs\MiKTeX 2.9\tex/generic/iftex\ifvtex.s
ty"
Package: ifvtex 2019/10/25 v1.7 ifvtex legacy package. Use iftex instead.

("C:\Users\Gabriel\AppData\Local\Programs\MiKTeX 2.9\tex/generic/iftex\iftex.st
y"
Package: iftex 2019/11/07 v1.0c TeX engine tests
))
\Gm@cnth=\count187
\Gm@cntv=\count188
\c@Gm@tempcnt=\count189
\Gm@bindingoffset=\dimen146
\Gm@wd@mp=\dimen147
\Gm@odd@mp=\dimen148
\Gm@even@mp=\dimen149
\Gm@layoutwidth=\dimen150
\Gm@layoutheight=\dimen151
\Gm@layouthoffset=\dimen152
\Gm@layoutvoffset=\dimen153
\Gm@dimlist=\toks22

("C:\Users\Gabriel\AppData\Local\Programs\MiKTeX 2.9\tex/latex/geometry\geometr
y.cfg"))
("C:\Users\Gabriel\AppData\Local\Programs\MiKTeX 2.9\tex/latex/graphics\rotatin
g.sty"
Package: rotating 2016/08/11 v2.16d rotated objects in LaTeX

("C:\Users\Gabriel\AppData\Local\Programs\MiKTeX 2.9\tex/latex/base\ifthen.sty"
Package: ifthen 2014/09/29 v1.1c Standard LaTeX ifthen package (DPC)
)
\c@r@tfl@t=\count190
\rotFPtop=\skip52
\rotFPbot=\skip53
\rot@float@box=\box47
\rot@mess@toks=\toks23
)
("C:\Users\Gabriel\AppData\Local\Programs\MiKTeX 2.9\tex/latex/float\float.sty"
Package: float 2001/11/08 v1.3d Float enhancements (AL)
\c@float@type=\count191
\float@exts=\toks24
\float@box=\box48
\@float@everytoks=\toks25
\@floatcapt=\box49
)
("C:\Users\Gabriel\AppData\Local\Programs\MiKTeX 2.9\tex/latex/biblatex\biblate
x.sty"
Package: biblatex 2019/12/01 v3.14 programmable bibliographies (PK/MW)

("C:\Users\Gabriel\AppData\Local\Programs\MiKTeX 2.9\tex/latex/pdftexcmds\pdfte
xcmds.sty"
Package: pdftexcmds 2019/11/24 v0.31 Utility functions of pdfTeX for LuaTeX (HO
)

("C:\Users\Gabriel\AppData\Local\Programs\MiKTeX 2.9\tex/generic/infwarerr\infw
arerr.sty"
Package: infwarerr 2019/12/03 v1.5 Providing info/warning/error messages (HO)
)
("C:\Users\Gabriel\AppData\Local\Programs\MiKTeX 2.9\tex/generic/ltxcmds\ltxcmd
s.sty"
Package: ltxcmds 2019/12/15 v1.24 LaTeX kernel commands for general use (HO)
)
Package pdftexcmds Info: \pdf@primitive is available.
Package pdftexcmds Info: \pdf@ifprimitive is available.
Package pdftexcmds Info: \pdfdraftmode found.
)
("C:\Users\Gabriel\AppData\Local\Programs\MiKTeX 2.9\tex/latex/etoolbox\etoolbo
x.sty"
Package: etoolbox 2019/09/21 v2.5h e-TeX tools for LaTeX (JAW)
\etb@tempcnta=\count192
)
("C:\Users\Gabriel\AppData\Local\Programs\MiKTeX 2.9\tex/latex/kvoptions\kvopti
ons.sty"
Package: kvoptions 2019/11/29 v3.13 Key value format for package options (HO)

("C:\Users\Gabriel\AppData\Local\Programs\MiKTeX 2.9\tex/generic/kvsetkeys\kvse
tkeys.sty"
Package: kvsetkeys 2019/12/15 v1.18 Key value parser (HO)
))
("C:\Users\Gabriel\AppData\Local\Programs\MiKTeX 2.9\tex/latex/logreq\logreq.st
y"
Package: logreq 2010/08/04 v1.0 xml request logger
\lrq@indent=\count193

("C:\Users\Gabriel\AppData\Local\Programs\MiKTeX 2.9\tex/latex/logreq\logreq.de
f"
File: logreq.def 2010/08/04 v1.0 logreq spec v1.0
)) ("C:\Users\Gabriel\AppData\Local\Programs\MiKTeX 2.9\tex/latex/url\url.sty"
\Urlmuskip=\muskip17
Package: url 2013/09/16  ver 3.4  Verb mode for urls, etc.
)
\c@tabx@nest=\count194
\c@listtotal=\count195
\c@listcount=\count196
\c@liststart=\count197
\c@liststop=\count198
\c@citecount=\count199
\c@citetotal=\count266
\c@multicitecount=\count267
\c@multicitetotal=\count268
\c@instcount=\count269
\c@maxnames=\count270
\c@minnames=\count271
\c@maxitems=\count272
\c@minitems=\count273
\c@citecounter=\count274
\c@maxcitecounter=\count275
\c@savedcitecounter=\count276
\c@uniquelist=\count277
\c@uniquename=\count278
\c@refsection=\count279
\c@refsegment=\count280
\c@maxextratitle=\count281
\c@maxextratitleyear=\count282
\c@maxextraname=\count283
\c@maxextradate=\count284
\c@maxextraalpha=\count285
\c@abbrvpenalty=\count286
\c@highnamepenalty=\count287
\c@lownamepenalty=\count288
\c@maxparens=\count289
\c@parenlevel=\count290
\blx@tempcnta=\count291
\blx@tempcntb=\count292
\blx@tempcntc=\count293
\blx@maxsection=\count294
\blx@maxsegment@0=\count295
\blx@notetype=\count296
\blx@parenlevel@text=\count297
\blx@parenlevel@foot=\count298
\blx@sectionciteorder@0=\count299
\blx@entrysetcounter=\count300
\labelnumberwidth=\skip54
\labelalphawidth=\skip55
\biblabelsep=\skip56
\bibitemsep=\skip57
\bibnamesep=\skip58
\bibinitsep=\skip59
\bibparsep=\skip60
\bibhang=\skip61
\blx@bcfin=\read2
\blx@bcfout=\write3
\blx@langwohyphens=\language78
\c@mincomprange=\count301
\c@maxcomprange=\count302
\c@mincompwidth=\count303
Package biblatex Info: Trying to load biblatex default data model...
Package biblatex Info: ... file 'blx-dm.def' found.

("C:\Users\Gabriel\AppData\Local\Programs\MiKTeX 2.9\tex/latex/biblatex\blx-dm.
def"
File: blx-dm.def 2019/12/01 v3.14 biblatex localization (PK/MW)
)
Package biblatex Info: Trying to load biblatex style data model...
Package biblatex Info: ... file 'authoryear.dbx' not found.
Package biblatex Info: Trying to load biblatex custom data model...
Package biblatex Info: ... file 'biblatex-dm.cfg' not found.
\c@afterword=\count304
\c@savedafterword=\count305
\c@annotator=\count306
\c@savedannotator=\count307
\c@author=\count308
\c@savedauthor=\count309
\c@bookauthor=\count310
\c@savedbookauthor=\count311
\c@commentator=\count312
\c@savedcommentator=\count313
\c@editor=\count314
\c@savededitor=\count315
\c@editora=\count316
\c@savededitora=\count317
\c@editorb=\count318
\c@savededitorb=\count319
\c@editorc=\count320
\c@savededitorc=\count321
\c@foreword=\count322
\c@savedforeword=\count323
\c@holder=\count324
\c@savedholder=\count325
\c@introduction=\count326
\c@savedintroduction=\count327
\c@namea=\count328
\c@savednamea=\count329
\c@nameb=\count330
\c@savednameb=\count331
\c@namec=\count332
\c@savednamec=\count333
\c@translator=\count334
\c@savedtranslator=\count335
\c@shortauthor=\count336
\c@savedshortauthor=\count337
\c@shorteditor=\count338
\c@savedshorteditor=\count339
\c@labelname=\count340
\c@savedlabelname=\count341
\c@institution=\count342
\c@savedinstitution=\count343
\c@lista=\count344
\c@savedlista=\count345
\c@listb=\count346
\c@savedlistb=\count347
\c@listc=\count348
\c@savedlistc=\count349
\c@listd=\count350
\c@savedlistd=\count351
\c@liste=\count352
\c@savedliste=\count353
\c@listf=\count354
\c@savedlistf=\count355
\c@location=\count356
\c@savedlocation=\count357
\c@organization=\count358
\c@savedorganization=\count359
\c@origlocation=\count360
\c@savedoriglocation=\count361
\c@origpublisher=\count362
\c@savedorigpublisher=\count363
\c@publisher=\count364
\c@savedpublisher=\count365
\c@language=\count366
\c@savedlanguage=\count367
\c@origlanguage=\count368
\c@savedoriglanguage=\count369
\c@pageref=\count370
\c@savedpageref=\count371
\shorthandwidth=\skip62
\shortjournalwidth=\skip63
\shortserieswidth=\skip64
\shorttitlewidth=\skip65
\shortauthorwidth=\skip66
\shorteditorwidth=\skip67
\locallabelnumberwidth=\skip68
\locallabelalphawidth=\skip69
\localshorthandwidth=\skip70
\localshortjournalwidth=\skip71
\localshortserieswidth=\skip72
\localshorttitlewidth=\skip73
\localshortauthorwidth=\skip74
\localshorteditorwidth=\skip75
Package biblatex Info: Trying to load compatibility code...
Package biblatex Info: ... file 'blx-compat.def' found.

("C:\Users\Gabriel\AppData\Local\Programs\MiKTeX 2.9\tex/latex/biblatex\blx-com
pat.def"
File: blx-compat.def 2019/12/01 v3.14 biblatex compatibility (PK/MW)
)
Package biblatex Info: Trying to load generic definitions...
Package biblatex Info: ... file 'biblatex.def' found.

("C:\Users\Gabriel\AppData\Local\Programs\MiKTeX 2.9\tex/latex/biblatex\biblate
x.def"
File: biblatex.def 2019/12/01 v3.14 biblatex compatibility (PK/MW)
\c@textcitecount=\count372
\c@textcitetotal=\count373
\c@textcitemaxnames=\count374
\c@biburlbigbreakpenalty=\count375
\c@biburlbreakpenalty=\count376
\c@biburlnumpenalty=\count377
\c@biburlucpenalty=\count378
\c@biburllcpenalty=\count379
\biburlbigskip=\muskip18
\biburlnumskip=\muskip19
\biburlucskip=\muskip20
\biburllcskip=\muskip21
\c@smartand=\count380
)
Package biblatex Info: Trying to load bibliography style 'authoryear'...
Package biblatex Info: ... file 'authoryear.bbx' found.

("C:\Users\Gabriel\AppData\Local\Programs\MiKTeX 2.9\tex/latex/biblatex/bbx\aut
horyear.bbx"
File: authoryear.bbx 2019/12/01 v3.14 biblatex bibliography style (PK/MW)
Package biblatex Info: Trying to load bibliography style 'standard'...
Package biblatex Info: ... file 'standard.bbx' found.

("C:\Users\Gabriel\AppData\Local\Programs\MiKTeX 2.9\tex/latex/biblatex/bbx\sta
ndard.bbx"
File: standard.bbx 2019/12/01 v3.14 biblatex bibliography style (PK/MW)
\c@bbx:relatedcount=\count381
\c@bbx:relatedtotal=\count382
))
Package biblatex Info: Trying to load citation style 'authoryear'...
Package biblatex Info: ... file 'authoryear.cbx' found.

("C:\Users\Gabriel\AppData\Local\Programs\MiKTeX 2.9\tex/latex/biblatex/cbx\aut
horyear.cbx"
File: authoryear.cbx 2019/12/01 v3.14 biblatex citation style (PK/MW)
Package biblatex Info: Redefining '\cite'.
Package biblatex Info: Redefining '\parencite'.
Package biblatex Info: Redefining '\footcite'.
Package biblatex Info: Redefining '\footcitetext'.
Package biblatex Info: Redefining '\smartcite'.
Package biblatex Info: Redefining '\textcite'.
Package biblatex Info: Redefining '\textcites'.
)
Package biblatex Info: Trying to load configuration file...
Package biblatex Info: ... file 'biblatex.cfg' found.

("C:\Users\Gabriel\AppData\Local\Programs\MiKTeX 2.9\tex/latex/biblatex\biblate
x.cfg"
File: biblatex.cfg 
))
\@quotelevel=\count383
\@quotereset=\count384

("C:\Users\Gabriel\AppData\Local\Programs\MiKTeX 2.9\tex/latex/l3backend\l3back
end-pdfmode.def"
File: l3backend-pdfmode.def 2019-04-06 L3 backend support: PDF mode
\l__kernel_color_stack_int=\count385
\l__pdf_internal_box=\box50
) (WorkingDocument.aux

LaTeX Warning: Label `fig6' multiply defined.

)
\openout1 = `WorkingDocument.aux'.

LaTeX Font Info:    Checking defaults for OML/cmm/m/it on input line 26.
LaTeX Font Info:    ... okay on input line 26.
LaTeX Font Info:    Checking defaults for OMS/cmsy/m/n on input line 26.
LaTeX Font Info:    ... okay on input line 26.
LaTeX Font Info:    Checking defaults for OT1/cmr/m/n on input line 26.
LaTeX Font Info:    ... okay on input line 26.
LaTeX Font Info:    Checking defaults for T1/cmr/m/n on input line 26.
LaTeX Font Info:    ... okay on input line 26.
LaTeX Font Info:    Checking defaults for TS1/cmr/m/n on input line 26.
LaTeX Font Info:    ... okay on input line 26.
LaTeX Font Info:    Checking defaults for OMX/cmex/m/n on input line 26.
LaTeX Font Info:    ... okay on input line 26.
LaTeX Font Info:    Checking defaults for U/cmr/m/n on input line 26.
LaTeX Font Info:    ... okay on input line 26.

("C:\Users\Gabriel\AppData\Local\Programs\MiKTeX 2.9\tex/context/base/mkii\supp
-pdf.mkii"
[Loading MPS to PDF converter (version 2006.09.02).]
\scratchcounter=\count386
\scratchdimen=\dimen154
\scratchbox=\box51
\nofMPsegments=\count387
\nofMParguments=\count388
\everyMPshowfont=\toks26
\MPscratchCnt=\count389
\MPscratchDim=\dimen155
\MPnumerator=\count390
\makeMPintoPDFobject=\count391
\everyMPtoPDFconversion=\toks27
)
("C:\Users\Gabriel\AppData\Local\Programs\MiKTeX 2.9\tex/latex/epstopdf-pkg\eps
topdf-base.sty"
Package: epstopdf-base 2020-01-24 v2.11 Base part for package epstopdf

("C:\Users\Gabriel\AppData\Local\Programs\MiKTeX 2.9\tex/latex/grfext\grfext.st
y"
Package: grfext 2019/12/03 v1.3 Manage graphics extensions (HO)

("C:\Users\Gabriel\AppData\Local\Programs\MiKTeX 2.9\tex/generic/kvdefinekeys\k
vdefinekeys.sty"
Package: kvdefinekeys 2019-12-19 v1.6 Define keys (HO)
))
Package epstopdf-base Info: Redefining graphics rule for `.eps' on input line 4
85.
Package grfext Info: Graphics extension search list:
(grfext)             [.pdf,.png,.jpg,.mps,.jpeg,.jbig2,.jb2,.PDF,.PNG,.JPG,.JPE
G,.JBIG2,.JB2,.eps]
(grfext)             \AppendGraphicsExtensions on input line 504.
)
*geometry* driver: auto-detecting
*geometry* detected driver: pdftex
*geometry* verbose mode - [ preamble ] result:
* driver: pdftex
* paper: a4paper
* layout: <same size as paper>
* layoutoffset:(h,v)=(0.0pt,0.0pt)
* modes: 
* h-part:(L,W,R)=(72.26999pt, 452.9679pt, 72.26999pt)
* v-part:(T,H,B)=(72.26999pt, 700.50687pt, 72.26999pt)
* \paperwidth=597.50787pt
* \paperheight=845.04684pt
* \textwidth=452.9679pt
* \textheight=700.50687pt
* \oddsidemargin=0.0pt
* \evensidemargin=0.0pt
* \topmargin=-37.0pt
* \headheight=12.0pt
* \headsep=25.0pt
* \topskip=12.0pt
* \footskip=30.0pt
* \marginparwidth=35.0pt
* \marginparsep=10.0pt
* \columnsep=10.0pt
* \skip\footins=10.8pt plus 4.0pt minus 2.0pt
* \hoffset=0.0pt
* \voffset=0.0pt
* \mag=1000
* \@twocolumnfalse
* \@twosidefalse
* \@mparswitchfalse
* \@reversemarginfalse
* (1in=72.27pt=25.4mm, 1cm=28.453pt)

Package biblatex Info: Trying to load language 'english'...
Package biblatex Info: ... file 'english.lbx' found.

("C:\Users\Gabriel\AppData\Local\Programs\MiKTeX 2.9\tex/latex/biblatex/lbx\eng
lish.lbx"
File: english.lbx 2019/12/01 v3.14 biblatex localization (PK/MW)
)
Package biblatex Info: Input encoding 'latin1' detected.
Package biblatex Info: Automatic encoding selection.
(biblatex)             Assuming data encoding 'latin1'.
\openout3 = `WorkingDocument.bcf'.

Package biblatex Info: Trying to load bibliographic data...
Package biblatex Info: ... file 'WorkingDocument.bbl' found.
 (WorkingDocument.bbl)
Package biblatex Info: Reference section=0 on input line 26.
Package biblatex Info: Reference segment=0 on input line 26.
LaTeX Font Info:    Trying to load font information for U+msa on input line 27.


("C:\Users\Gabriel\AppData\Local\Programs\MiKTeX 2.9\tex/latex/amsfonts\umsa.fd
"
File: umsa.fd 2013/01/14 v3.01 AMS symbols A
)
LaTeX Font Info:    Trying to load font information for U+msb on input line 27.


("C:\Users\Gabriel\AppData\Local\Programs\MiKTeX 2.9\tex/latex/amsfonts\umsb.fd
"
File: umsb.fd 2013/01/14 v3.01 AMS symbols B
)

LaTeX Warning: No \author given.

[1

{C:/Users/Gabriel/AppData/Local/MiKTeX/2.9/pdftex/config/pdftex.map}]
Overfull \hbox (9.59973pt too wide) in paragraph at lines 62--74
\OT1/cmr/m/n/12 tin-u-ous, mul-ti-vari-ate stochas-tic pro-cess $\OT1/cmr/bx/n/
12 X \OT1/cmr/m/n/12 = \OMS/cmsy/m/n/12 f\OT1/cmr/bx/n/12 X\OT1/cmr/m/n/12 (\OM
L/cmm/m/it/12 t\OT1/cmr/m/n/12 )\OML/cmm/m/it/12 ;  t \OMS/cmsy/m/n/12 2 \OT1/c
mr/m/n/12 [0\OML/cmm/m/it/12 ; T\OT1/cmr/m/n/12 ]\OMS/cmsy/m/n/12 g \OT1/cmr/m/
n/12 = \OMS/cmsy/m/n/12 f\OT1/cmr/m/n/12 (\OML/cmm/m/it/12 X[]\OT1/cmr/m/n/12 (
\OML/cmm/m/it/12 t\OT1/cmr/m/n/12 )\OML/cmm/m/it/12 ; [] ; X[]\OT1/cmr/m/n/12 (
\OML/cmm/m/it/12 t\OT1/cmr/m/n/12 ))\OMS/cmsy/m/n/12 g[]$
 []

[2] [3] [4]
<Figures/rplot.pdf, id=30, 794.97pt x 614.295pt>
File: Figures/rplot.pdf Graphic file (type pdf)
<use Figures/rplot.pdf>
Package pdftex.def Info: Figures/rplot.pdf  used on input line 253.
(pdftex.def)             Requested size: 452.9679pt x 350.02992pt.
 [5]
<Figures/Trajectories_deaths.pdf, id=34, 283.0575pt x 184.69pt>
File: Figures/Trajectories_deaths.pdf Graphic file (type pdf)
<use Figures/Trajectories_deaths.pdf>
Package pdftex.def Info: Figures/Trajectories_deaths.pdf  used on input line 26
2.
(pdftex.def)             Requested size: 283.0568pt x 184.68953pt.
<Figures/Trajectories_cases.pdf, id=35, 283.0575pt x 184.69pt>
File: Figures/Trajectories_cases.pdf Graphic file (type pdf)
<use Figures/Trajectories_cases.pdf>
Package pdftex.def Info: Figures/Trajectories_cases.pdf  used on input line 271
.
(pdftex.def)             Requested size: 283.0568pt x 184.68953pt.
 [6 <./Figures/rplot.pdf> <./Figures/Trajectories_deaths.pdf>]
<Figures/TrajectoriesPerCluster_deaths.pdf, id=50, 283.0575pt x 184.69pt>
File: Figures/TrajectoriesPerCluster_deaths.pdf Graphic file (type pdf)
<use Figures/TrajectoriesPerCluster_deaths.pdf>
Package pdftex.def Info: Figures/TrajectoriesPerCluster_deaths.pdf  used on inp
ut line 279.
(pdftex.def)             Requested size: 283.0568pt x 184.68953pt.
<Figures/NumberOfCases.pdf, id=51, 427.5975pt x 256.96pt>
File: Figures/NumberOfCases.pdf Graphic file (type pdf)
<use Figures/NumberOfCases.pdf>
Package pdftex.def Info: Figures/NumberOfCases.pdf  used on input line 288.
(pdftex.def)             Requested size: 700.50687pt x 420.99367pt.
<Figures/NumberOfDeaths.pdf, id=52, 406.51875pt x 256.96pt>
File: Figures/NumberOfDeaths.pdf Graphic file (type pdf)
<use Figures/NumberOfDeaths.pdf>
Package pdftex.def Info: Figures/NumberOfDeaths.pdf  used on input line 294.
(pdftex.def)             Requested size: 700.50687pt x 442.80556pt.
<Figures/Cases_blocks.pdf, id=53, 614.295pt x 794.97pt>
File: Figures/Cases_blocks.pdf Graphic file (type pdf)
<use Figures/Cases_blocks.pdf>
Package pdftex.def Info: Figures/Cases_blocks.pdf  used on input line 311.
(pdftex.def)             Requested size: 452.9679pt x 586.19432pt.

[7 <./Figures/Trajectories_cases.pdf> <./Figures/TrajectoriesPerCluster_deaths.
pdf>]
<Figures/Cases_calendar.pdf, id=73, 614.295pt x 794.97pt>
File: Figures/Cases_calendar.pdf Graphic file (type pdf)
<use Figures/Cases_calendar.pdf>
Package pdftex.def Info: Figures/Cases_calendar.pdf  used on input line 319.
(pdftex.def)             Requested size: 452.9679pt x 586.19432pt.
 [8 <./Figures/Cases_blocks.pdf>]
<Figures/Cases_map.pdf, id=82, 614.295pt x 794.97pt>
File: Figures/Cases_map.pdf Graphic file (type pdf)
<use Figures/Cases_map.pdf>
Package pdftex.def Info: Figures/Cases_map.pdf  used on input line 327.
(pdftex.def)             Requested size: 452.9679pt x 586.19432pt.
 [9 <./Figures/Cases_calendar.pdf>]
<Figures/Cases_prop.pdf, id=91, 614.295pt x 794.97pt>
File: Figures/Cases_prop.pdf Graphic file (type pdf)
<use Figures/Cases_prop.pdf>
Package pdftex.def Info: Figures/Cases_prop.pdf  used on input line 335.
(pdftex.def)             Requested size: 452.9679pt x 586.19432pt.

[10 <./Figures/Cases_map.pdf>]
<Figures/Deaths_blocks.pdf, id=98, 614.295pt x 794.97pt>
File: Figures/Deaths_blocks.pdf Graphic file (type pdf)
<use Figures/Deaths_blocks.pdf>
Package pdftex.def Info: Figures/Deaths_blocks.pdf  used on input line 347.
(pdftex.def)             Requested size: 452.9679pt x 586.19432pt.
 [11 <./Figures/Cases_prop.pdf>]
<Figures/Deaths_calendar.pdf, id=108, 614.295pt x 794.97pt>
File: Figures/Deaths_calendar.pdf Graphic file (type pdf)
<use Figures/Deaths_calendar.pdf>
Package pdftex.def Info: Figures/Deaths_calendar.pdf  used on input line 355.
(pdftex.def)             Requested size: 452.9679pt x 586.19432pt.
 [12 <./Figures/Deaths_blocks.pdf>]
<Figures/Deaths_map.pdf, id=117, 614.295pt x 794.97pt>
File: Figures/Deaths_map.pdf Graphic file (type pdf)
<use Figures/Deaths_map.pdf>
Package pdftex.def Info: Figures/Deaths_map.pdf  used on input line 363.
(pdftex.def)             Requested size: 452.9679pt x 586.19432pt.
 [13 <./Figures/Deaths_calendar.pdf>]
<Figures/Deaths_prop.pdf, id=127, 614.295pt x 794.97pt>
File: Figures/Deaths_prop.pdf Graphic file (type pdf)
<use Figures/Deaths_prop.pdf>
Package pdftex.def Info: Figures/Deaths_prop.pdf  used on input line 371.
(pdftex.def)             Requested size: 452.9679pt x 586.19432pt.
 [14 <./Figures/Deaths_map.pdf>]
<Figures/Multi_calendar.pdf, id=134, 614.295pt x 794.97pt>
File: Figures/Multi_calendar.pdf Graphic file (type pdf)
<use Figures/Multi_calendar.pdf>
Package pdftex.def Info: Figures/Multi_calendar.pdf  used on input line 384.
(pdftex.def)             Requested size: 452.9679pt x 586.19432pt.
 [15 <./Figures/Deaths_prop.pdf>]
<Figures/Multi_map.pdf, id=144, 614.295pt x 794.97pt>
File: Figures/Multi_map.pdf Graphic file (type pdf)
<use Figures/Multi_map.pdf>
Package pdftex.def Info: Figures/Multi_map.pdf  used on input line 392.
(pdftex.def)             Requested size: 452.9679pt x 586.19432pt.
 [16 <./Figures/Multi_calendar.pdf>]
<Figures/Multi_prop.pdf, id=153, 614.295pt x 794.97pt>
File: Figures/Multi_prop.pdf Graphic file (type pdf)
<use Figures/Multi_prop.pdf>
Package pdftex.def Info: Figures/Multi_prop.pdf  used on input line 400.
(pdftex.def)             Requested size: 452.9679pt x 586.19432pt.

[17 <./Figures/Multi_map.pdf>] [18 <./Figures/Multi_prop.pdf>] [19] [20 <./Figu
res/NumberOfCases.pdf>] [21 <./Figures/NumberOfDeaths.pdf>]
(WorkingDocument.aux)

LaTeX Warning: There were multiply-defined labels.

Package logreq Info: Writing requests to 'WorkingDocument.run.xml'.
\openout1 = `WorkingDocument.run.xml'.

 ) 
Here is how much of TeX's memory you used:
 10551 strings out of 481568
 188692 string characters out of 2913334
 843220 words of memory out of 3000000
 25656 multiletter control sequences out of 15000+200000
 544518 words of font info for 69 fonts, out of 3000000 for 9000
 1141 hyphenation exceptions out of 8191
 43i,9n,48p,1169b,1175s stack positions out of 5000i,500n,10000p,200000b,50000s
<C:/Users/Gabriel/AppData/Local/Programs/MiKTeX 2.9/fonts/type1/public/amsfon
ts/cm/cmbx10.pfb><C:/Users/Gabriel/AppData/Local/Programs/MiKTeX 2.9/fonts/type
1/public/amsfonts/cm/cmbx12.pfb><C:/Users/Gabriel/AppData/Local/Programs/MiKTeX
 2.9/fonts/type1/public/amsfonts/cm/cmbx8.pfb><C:/Users/Gabriel/AppData/Local/P
rograms/MiKTeX 2.9/fonts/type1/public/amsfonts/cm/cmex10.pfb><C:/Users/Gabriel/
AppData/Local/Programs/MiKTeX 2.9/fonts/type1/public/amsfonts/cm/cmmi12.pfb><C:
/Users/Gabriel/AppData/Local/Programs/MiKTeX 2.9/fonts/type1/public/amsfonts/cm
/cmmi6.pfb><C:/Users/Gabriel/AppData/Local/Programs/MiKTeX 2.9/fonts/type1/publ
ic/amsfonts/cm/cmmi8.pfb><C:/Users/Gabriel/AppData/Local/Programs/MiKTeX 2.9/fo
nts/type1/public/amsfonts/cm/cmmib10.pfb><C:/Users/Gabriel/AppData/Local/Progra
ms/MiKTeX 2.9/fonts/type1/public/amsfonts/cm/cmr10.pfb><C:/Users/Gabriel/AppDat
a/Local/Programs/MiKTeX 2.9/fonts/type1/public/amsfonts/cm/cmr12.pfb><C:/Users/
Gabriel/AppData/Local/Programs/MiKTeX 2.9/fonts/type1/public/amsfonts/cm/cmr17.
pfb><C:/Users/Gabriel/AppData/Local/Programs/MiKTeX 2.9/fonts/type1/public/amsf
onts/cm/cmr6.pfb><C:/Users/Gabriel/AppData/Local/Programs/MiKTeX 2.9/fonts/type
1/public/amsfonts/cm/cmr8.pfb><C:/Users/Gabriel/AppData/Local/Programs/MiKTeX 2
.9/fonts/type1/public/amsfonts/cm/cmsy10.pfb><C:/Users/Gabriel/AppData/Local/Pr
ograms/MiKTeX 2.9/fonts/type1/public/amsfonts/cm/cmsy8.pfb><C:/Users/Gabriel/Ap
pData/Local/Programs/MiKTeX 2.9/fonts/type1/public/amsfonts/cm/cmti12.pfb><C:/U
sers/Gabriel/AppData/Local/Programs/MiKTeX 2.9/fonts/type1/public/amsfonts/symb
ols/msbm10.pfb>
Output written on WorkingDocument.pdf (21 pages, 1111861 bytes).
PDF statistics:
 243 PDF objects out of 1000 (max. 8388607)
 0 named destinations out of 1000 (max. 500000)
 86 words of extra memory for PDF output out of 10000 (max. 10000000)

